Determining if the pthread_create exist failed with the following output:
Change Dir: /home/raul/catkin_ws/src/beginner_tutorials/build/CMakeFiles/CMakeTmp

Run Build Command:"/usr/bin/make" "cmTC_5feb9/fast"
/usr/bin/make -f CMakeFiles/cmTC_5feb9.dir/build.make CMakeFiles/cmTC_5feb9.dir/build
make[1]: Entering directory '/home/raul/catkin_ws/src/beginner_tutorials/build/CMakeFiles/CMakeTmp'
Building C object CMakeFiles/cmTC_5feb9.dir/CheckSymbolExists.c.o
/usr/bin/cc     -o CMakeFiles/cmTC_5feb9.dir/CheckSymbolExists.c.o   -c /home/raul/catkin_ws/src/beginner_tutorials/build/CMakeFiles/CMakeTmp/CheckSymbolExists.c
Linking C executable cmTC_5feb9
/usr/bin/cmake -E cmake_link_script CMakeFiles/cmTC_5feb9.dir/link.txt --verbose=1
/usr/bin/cc       CMakeFiles/cmTC_5feb9.dir/CheckSymbolExists.c.o  -o cmTC_5feb9 -rdynamic 
CMakeFiles/cmTC_5feb9.dir/CheckSymbolExists.c.o: In function `main':
CheckSymbolExists.c:(.text+0x16): undefined reference to `pthread_create'
collect2: error: ld returned 1 exit status
CMakeFiles/cmTC_5feb9.dir/build.make:97: recipe for target 'cmTC_5feb9' failed
make[1]: *** [cmTC_5feb9] Error 1
make[1]: Leaving directory '/home/raul/catkin_ws/src/beginner_tutorials/build/CMakeFiles/CMakeTmp'
Makefile:126: recipe for target 'cmTC_5feb9/fast' failed
make: *** [cmTC_5feb9/fast] Error 2

File /home/raul/catkin_ws/src/beginner_tutorials/build/CMakeFiles/CMakeTmp/CheckSymbolExists.c:
/* */
#include <pthread.h>

int main(int argc, char** argv)
{
  (void)argv;
#ifndef pthread_create
  return ((int*)(&pthread_create))[argc];
#else
  (void)argc;
  return 0;
#endif
}

Determining if the function pthread_create exists in the pthreads failed with the following output:
Change Dir: /home/raul/catkin_ws/src/beginner_tutorials/build/CMakeFiles/CMakeTmp

Run Build Command:"/usr/bin/make" "cmTC_70f2c/fast"
/usr/bin/make -f CMakeFiles/cmTC_70f2c.dir/build.make CMakeFiles/cmTC_70f2c.dir/build
make[1]: Entering directory '/home/raul/catkin_ws/src/beginner_tutorials/build/CMakeFiles/CMakeTmp'
Building C object CMakeFiles/cmTC_70f2c.dir/CheckFunctionExists.c.o
/usr/bin/cc    -DCHECK_FUNCTION_EXISTS=pthread_create   -o CMakeFiles/cmTC_70f2c.dir/CheckFunctionExists.c.o   -c /usr/share/cmake-3.5/Modules/CheckFunctionExists.c
Linking C executable cmTC_70f2c
/usr/bin/cmake -E cmake_link_script CMakeFiles/cmTC_70f2c.dir/link.txt --verbose=1
/usr/bin/cc   -DCHECK_FUNCTION_EXISTS=pthread_create    CMakeFiles/cmTC_70f2c.dir/CheckFunctionExists.c.o  -o cmTC_70f2c -rdynamic -lpthreads 
/usr/bin/ld: cannot find -lpthreads
collect2: error: ld returned 1 exit status
CMakeFiles/cmTC_70f2c.dir/build.make:97: recipe for target 'cmTC_70f2c' failed
make[1]: *** [cmTC_70f2c] Error 1
make[1]: Leaving directory '/home/raul/catkin_ws/src/beginner_tutorials/build/CMakeFiles/CMakeTmp'
Makefile:126: recipe for target 'cmTC_70f2c/fast' failed
make: *** [cmTC_70f2c/fast] Error 2


